2020.10.23 03:36 B C:\Users\DYNASTY TECHNOLOGIES\Desktop\dcsaconsults\assets\js\bootstrap.min.js --> ftp.dcsaconsults.net /www/assets/js bootstrap.min.js
2020.10.23 03:36 B C:\Users\DYNASTY TECHNOLOGIES\Desktop\dcsaconsults\assets\js\jquery-3.2.0.min.js --> ftp.dcsaconsults.net /www/assets/js jquery-3.2.0.min.js
2020.10.23 03:36 B C:\Users\DYNASTY TECHNOLOGIES\Desktop\dcsaconsults\assets\js\jquery-ui.js --> ftp.dcsaconsults.net /www/assets/js jquery-ui.js
2020.10.23 03:36 B C:\Users\DYNASTY TECHNOLOGIES\Desktop\dcsaconsults\assets\js\jquery.counterup.min.js --> ftp.dcsaconsults.net /www/assets/js jquery.counterup.min.js
2020.10.23 03:37 B C:\Users\DYNASTY TECHNOLOGIES\Desktop\dcsaconsults\assets\js\jquery.mb.YTPlayer.min.js --> ftp.dcsaconsults.net /www/assets/js jquery.mb.YTPlayer.min.js
2020.10.23 03:37 B C:\Users\DYNASTY TECHNOLOGIES\Desktop\dcsaconsults\assets\js\jquery.slicknav.min.js --> ftp.dcsaconsults.net /www/assets/js jquery.slicknav.min.js
2020.10.23 03:37 B C:\Users\DYNASTY TECHNOLOGIES\Desktop\dcsaconsults\assets\js\jquery.waypoints.min.js --> ftp.dcsaconsults.net /www/assets/js jquery.waypoints.min.js
2020.10.23 03:37 B C:\Users\DYNASTY TECHNOLOGIES\Desktop\dcsaconsults\assets\js\owl.carousel.min.js --> ftp.dcsaconsults.net /www/assets/js owl.carousel.min.js
2020.10.23 03:37 B C:\Users\DYNASTY TECHNOLOGIES\Desktop\dcsaconsults\assets\js\raindrops.js --> ftp.dcsaconsults.net /www/assets/js raindrops.js
2020.10.23 03:37 B C:\Users\DYNASTY TECHNOLOGIES\Desktop\dcsaconsults\assets\js\scroll.js --> ftp.dcsaconsults.net /www/assets/js scroll.js
2020.10.23 03:37 B C:\Users\DYNASTY TECHNOLOGIES\Desktop\dcsaconsults\assets\js\slider.js --> ftp.dcsaconsults.net /www/assets/js slider.js
2020.10.23 03:37 B C:\Users\DYNASTY TECHNOLOGIES\Desktop\dcsaconsults\assets\js\tawkto.js --> ftp.dcsaconsults.net /www/assets/js tawkto.js
2020.10.23 03:37 B C:\Users\DYNASTY TECHNOLOGIES\Desktop\dcsaconsults\assets\js\theme.js --> ftp.dcsaconsults.net /www/assets/js theme.js
2020.10.23 04:19 B C:\Users\DYNASTY TECHNOLOGIES\Desktop\dcsaconsults\assets\js\bootstrap.min.js --> ftp.dcsaconsults.net /assets/js bootstrap.min.js
2020.10.23 04:19 B C:\Users\DYNASTY TECHNOLOGIES\Desktop\dcsaconsults\assets\js\jquery-3.2.0.min.js --> ftp.dcsaconsults.net /assets/js jquery-3.2.0.min.js
2020.10.23 04:20 B C:\Users\DYNASTY TECHNOLOGIES\Desktop\dcsaconsults\assets\js\jquery-ui.js --> ftp.dcsaconsults.net /assets/js jquery-ui.js
2020.10.23 04:20 B C:\Users\DYNASTY TECHNOLOGIES\Desktop\dcsaconsults\assets\js\jquery.counterup.min.js --> ftp.dcsaconsults.net /assets/js jquery.counterup.min.js
2020.10.23 04:20 B C:\Users\DYNASTY TECHNOLOGIES\Desktop\dcsaconsults\assets\js\jquery.mb.YTPlayer.min.js --> ftp.dcsaconsults.net /assets/js jquery.mb.YTPlayer.min.js
2020.10.23 04:20 B C:\Users\DYNASTY TECHNOLOGIES\Desktop\dcsaconsults\assets\js\jquery.slicknav.min.js --> ftp.dcsaconsults.net /assets/js jquery.slicknav.min.js
2020.10.23 04:20 B C:\Users\DYNASTY TECHNOLOGIES\Desktop\dcsaconsults\assets\js\jquery.waypoints.min.js --> ftp.dcsaconsults.net /assets/js jquery.waypoints.min.js
2020.10.23 04:20 B C:\Users\DYNASTY TECHNOLOGIES\Desktop\dcsaconsults\assets\js\owl.carousel.min.js --> ftp.dcsaconsults.net /assets/js owl.carousel.min.js
2020.10.23 04:20 B C:\Users\DYNASTY TECHNOLOGIES\Desktop\dcsaconsults\assets\js\raindrops.js --> ftp.dcsaconsults.net /assets/js raindrops.js
2020.10.23 04:21 B C:\Users\DYNASTY TECHNOLOGIES\Desktop\dcsaconsults\assets\js\scroll.js --> ftp.dcsaconsults.net /assets/js scroll.js
2020.10.23 04:21 B C:\Users\DYNASTY TECHNOLOGIES\Desktop\dcsaconsults\assets\js\slider.js --> ftp.dcsaconsults.net /assets/js slider.js
2020.10.23 04:21 B C:\Users\DYNASTY TECHNOLOGIES\Desktop\dcsaconsults\assets\js\tawkto.js --> ftp.dcsaconsults.net /assets/js tawkto.js
2020.10.23 04:21 B C:\Users\DYNASTY TECHNOLOGIES\Desktop\dcsaconsults\assets\js\theme.js --> ftp.dcsaconsults.net /assets/js theme.js
2020.10.23 04:21 B C:\Users\DYNASTY TECHNOLOGIES\Desktop\dcsaconsults\assets\js\WS_FTP.LOG --> ftp.dcsaconsults.net /assets/js WS_FTP.LOG
